<?xml version="1.0" encoding="UTF-8"?>
<!-- Generated by org.testng.reporters.JUnitReportReporter -->
<testsuite name="pk_UI_Automation.Verify_ToolTip_Strore" tests="1" time="23.033" ignored="0" failures="0" timestamp="22 Dec 2020 09:05:44 GMT" skipped="0" hostname="HIBACL131408" errors="0">
  <testcase name="Tooltip" time="23.033" classname="pk_UI_Automation.Verify_ToolTip_Strore"/>
</testsuite> <!-- pk_UI_Automation.Verify_ToolTip_Strore -->
