<?xml version="1.0" encoding="UTF-8"?>
<!-- Generated by org.testng.reporters.JUnitReportReporter -->
<testsuite name="pk_UI_Automation.Element_Focused_Or_Not" tests="2" time="19.392" ignored="0" failures="0" timestamp="22 Dec 2020 09:01:43 GMT" skipped="0" hostname="HIBACL131408" errors="0">
  <testcase name="Google_Search_Focus" time="7.267" classname="pk_UI_Automation.Element_Focused_Or_Not"/>
  <testcase name="Login_Edit_Focus" time="12.125" classname="pk_UI_Automation.Element_Focused_Or_Not"/>
</testsuite> <!-- pk_UI_Automation.Element_Focused_Or_Not -->
