<?xml version="1.0" encoding="UTF-8"?>
<!-- Generated by org.testng.reporters.JUnitReportReporter -->
<testsuite name="pk_UI_Automation.Mobile_Browser_View_Flight_Login" tests="1" time="7.571" ignored="0" failures="0" timestamp="22 Dec 2020 09:08:21 GMT" skipped="0" hostname="HIBACL131408" errors="0">
  <testcase name="SignOn" time="7.571" classname="pk_UI_Automation.Mobile_Browser_View_Flight_Login"/>
</testsuite> <!-- pk_UI_Automation.Mobile_Browser_View_Flight_Login -->
